  Скопировано файлов: 1.
  Скопировано файлов: 1.
  Скопировано файлов: 2.
  Скопировано файлов: 1.
  Скопировано файлов: 1.
  Скопировано файлов: 1.
  Скопировано файлов: 1.
  Скопировано файлов: 2.
  Скопировано файлов: 2.
  Скопировано файлов: 2.
  Скопировано файлов: 2.
  Скопировано файлов: 2.
  Скопировано файлов: 2.
  Скопировано файлов: 6.
  Скопировано файлов: 2.
  Скопировано файлов: 1.
  Скопировано файлов: 1.
  Скопировано файлов: 1.
  Скопировано файлов: 4.
  Скопировано файлов: 2.
libtiff.lib(tif_win32.obj) : warning LNK4075: ignoring '/EDITANDCONTINUE' due to '/OPT:ICF' specification
     Creating library D:\WAY\FreePlay\Chess__Cocos2d-x\Chess__Cocos2d-x\proj.win32\Release.win32\libcocos2d.lib and object D:\WAY\FreePlay\Chess__Cocos2d-x\Chess__Cocos2d-x\proj.win32\Release.win32\libcocos2d.exp
LINK : warning LNK4098: defaultlib 'LIBCMT' conflicts with use of other libs; use /NODEFAULTLIB:library
libtiff.lib(tif_aux.obj) : warning LNK4099: PDB 'vc140.pdb' was not found with 'libtiff.lib(tif_aux.obj)' or at 'D:\WAY\FreePlay\Chess__Cocos2d-x\Chess__Cocos2d-x\proj.win32\Release.win32\vc140.pdb'; linking object as if no debug info
libtiff.lib(tif_close.obj) : warning LNK4099: PDB 'vc140.pdb' was not found with 'libtiff.lib(tif_close.obj)' or at 'D:\WAY\FreePlay\Chess__Cocos2d-x\Chess__Cocos2d-x\proj.win32\Release.win32\vc140.pdb'; linking object as if no debug info
libtiff.lib(tif_codec.obj) : warning LNK4099: PDB 'vc140.pdb' was not found with 'libtiff.lib(tif_codec.obj)' or at 'D:\WAY\FreePlay\Chess__Cocos2d-x\Chess__Cocos2d-x\proj.win32\Release.win32\vc140.pdb'; linking object as if no debug info
libtiff.lib(tif_color.obj) : warning LNK4099: PDB 'vc140.pdb' was not found with 'libtiff.lib(tif_color.obj)' or at 'D:\WAY\FreePlay\Chess__Cocos2d-x\Chess__Cocos2d-x\proj.win32\Release.win32\vc140.pdb'; linking object as if no debug info
libtiff.lib(tif_compress.obj) : warning LNK4099: PDB 'vc140.pdb' was not found with 'libtiff.lib(tif_compress.obj)' or at 'D:\WAY\FreePlay\Chess__Cocos2d-x\Chess__Cocos2d-x\proj.win32\Release.win32\vc140.pdb'; linking object as if no debug info
libtiff.lib(tif_dir.obj) : warning LNK4099: PDB 'vc140.pdb' was not found with 'libtiff.lib(tif_dir.obj)' or at 'D:\WAY\FreePlay\Chess__Cocos2d-x\Chess__Cocos2d-x\proj.win32\Release.win32\vc140.pdb'; linking object as if no debug info
libtiff.lib(tif_dirinfo.obj) : warning LNK4099: PDB 'vc140.pdb' was not found with 'libtiff.lib(tif_dirinfo.obj)' or at 'D:\WAY\FreePlay\Chess__Cocos2d-x\Chess__Cocos2d-x\proj.win32\Release.win32\vc140.pdb'; linking object as if no debug info
libtiff.lib(tif_dirread.obj) : warning LNK4099: PDB 'vc140.pdb' was not found with 'libtiff.lib(tif_dirread.obj)' or at 'D:\WAY\FreePlay\Chess__Cocos2d-x\Chess__Cocos2d-x\proj.win32\Release.win32\vc140.pdb'; linking object as if no debug info
libtiff.lib(tif_dirwrite.obj) : warning LNK4099: PDB 'vc140.pdb' was not found with 'libtiff.lib(tif_dirwrite.obj)' or at 'D:\WAY\FreePlay\Chess__Cocos2d-x\Chess__Cocos2d-x\proj.win32\Release.win32\vc140.pdb'; linking object as if no debug info
libtiff.lib(tif_dumpmode.obj) : warning LNK4099: PDB 'vc140.pdb' was not found with 'libtiff.lib(tif_dumpmode.obj)' or at 'D:\WAY\FreePlay\Chess__Cocos2d-x\Chess__Cocos2d-x\proj.win32\Release.win32\vc140.pdb'; linking object as if no debug info
libtiff.lib(tif_error.obj) : warning LNK4099: PDB 'vc140.pdb' was not found with 'libtiff.lib(tif_error.obj)' or at 'D:\WAY\FreePlay\Chess__Cocos2d-x\Chess__Cocos2d-x\proj.win32\Release.win32\vc140.pdb'; linking object as if no debug info
libtiff.lib(tif_fax3.obj) : warning LNK4099: PDB 'vc140.pdb' was not found with 'libtiff.lib(tif_fax3.obj)' or at 'D:\WAY\FreePlay\Chess__Cocos2d-x\Chess__Cocos2d-x\proj.win32\Release.win32\vc140.pdb'; linking object as if no debug info
libtiff.lib(tif_fax3sm.obj) : warning LNK4099: PDB 'vc140.pdb' was not found with 'libtiff.lib(tif_fax3sm.obj)' or at 'D:\WAY\FreePlay\Chess__Cocos2d-x\Chess__Cocos2d-x\proj.win32\Release.win32\vc140.pdb'; linking object as if no debug info
libtiff.lib(tif_getimage.obj) : warning LNK4099: PDB 'vc140.pdb' was not found with 'libtiff.lib(tif_getimage.obj)' or at 'D:\WAY\FreePlay\Chess__Cocos2d-x\Chess__Cocos2d-x\proj.win32\Release.win32\vc140.pdb'; linking object as if no debug info
libtiff.lib(tif_flush.obj) : warning LNK4099: PDB 'vc140.pdb' was not found with 'libtiff.lib(tif_flush.obj)' or at 'D:\WAY\FreePlay\Chess__Cocos2d-x\Chess__Cocos2d-x\proj.win32\Release.win32\vc140.pdb'; linking object as if no debug info
libtiff.lib(tif_luv.obj) : warning LNK4099: PDB 'vc140.pdb' was not found with 'libtiff.lib(tif_luv.obj)' or at 'D:\WAY\FreePlay\Chess__Cocos2d-x\Chess__Cocos2d-x\proj.win32\Release.win32\vc140.pdb'; linking object as if no debug info
libtiff.lib(tif_lzw.obj) : warning LNK4099: PDB 'vc140.pdb' was not found with 'libtiff.lib(tif_lzw.obj)' or at 'D:\WAY\FreePlay\Chess__Cocos2d-x\Chess__Cocos2d-x\proj.win32\Release.win32\vc140.pdb'; linking object as if no debug info
libtiff.lib(tif_next.obj) : warning LNK4099: PDB 'vc140.pdb' was not found with 'libtiff.lib(tif_next.obj)' or at 'D:\WAY\FreePlay\Chess__Cocos2d-x\Chess__Cocos2d-x\proj.win32\Release.win32\vc140.pdb'; linking object as if no debug info
libtiff.lib(tif_open.obj) : warning LNK4099: PDB 'vc140.pdb' was not found with 'libtiff.lib(tif_open.obj)' or at 'D:\WAY\FreePlay\Chess__Cocos2d-x\Chess__Cocos2d-x\proj.win32\Release.win32\vc140.pdb'; linking object as if no debug info
libtiff.lib(tif_packbits.obj) : warning LNK4099: PDB 'vc140.pdb' was not found with 'libtiff.lib(tif_packbits.obj)' or at 'D:\WAY\FreePlay\Chess__Cocos2d-x\Chess__Cocos2d-x\proj.win32\Release.win32\vc140.pdb'; linking object as if no debug info
libtiff.lib(tif_predict.obj) : warning LNK4099: PDB 'vc140.pdb' was not found with 'libtiff.lib(tif_predict.obj)' or at 'D:\WAY\FreePlay\Chess__Cocos2d-x\Chess__Cocos2d-x\proj.win32\Release.win32\vc140.pdb'; linking object as if no debug info
libtiff.lib(tif_read.obj) : warning LNK4099: PDB 'vc140.pdb' was not found with 'libtiff.lib(tif_read.obj)' or at 'D:\WAY\FreePlay\Chess__Cocos2d-x\Chess__Cocos2d-x\proj.win32\Release.win32\vc140.pdb'; linking object as if no debug info
libtiff.lib(tif_swab.obj) : warning LNK4099: PDB 'vc140.pdb' was not found with 'libtiff.lib(tif_swab.obj)' or at 'D:\WAY\FreePlay\Chess__Cocos2d-x\Chess__Cocos2d-x\proj.win32\Release.win32\vc140.pdb'; linking object as if no debug info
libtiff.lib(tif_strip.obj) : warning LNK4099: PDB 'vc140.pdb' was not found with 'libtiff.lib(tif_strip.obj)' or at 'D:\WAY\FreePlay\Chess__Cocos2d-x\Chess__Cocos2d-x\proj.win32\Release.win32\vc140.pdb'; linking object as if no debug info
libtiff.lib(tif_thunder.obj) : warning LNK4099: PDB 'vc140.pdb' was not found with 'libtiff.lib(tif_thunder.obj)' or at 'D:\WAY\FreePlay\Chess__Cocos2d-x\Chess__Cocos2d-x\proj.win32\Release.win32\vc140.pdb'; linking object as if no debug info
libtiff.lib(tif_tile.obj) : warning LNK4099: PDB 'vc140.pdb' was not found with 'libtiff.lib(tif_tile.obj)' or at 'D:\WAY\FreePlay\Chess__Cocos2d-x\Chess__Cocos2d-x\proj.win32\Release.win32\vc140.pdb'; linking object as if no debug info
libtiff.lib(tif_warning.obj) : warning LNK4099: PDB 'vc140.pdb' was not found with 'libtiff.lib(tif_warning.obj)' or at 'D:\WAY\FreePlay\Chess__Cocos2d-x\Chess__Cocos2d-x\proj.win32\Release.win32\vc140.pdb'; linking object as if no debug info
libtiff.lib(tif_write.obj) : warning LNK4099: PDB 'vc140.pdb' was not found with 'libtiff.lib(tif_write.obj)' or at 'D:\WAY\FreePlay\Chess__Cocos2d-x\Chess__Cocos2d-x\proj.win32\Release.win32\vc140.pdb'; linking object as if no debug info
libtiff.lib(tif_win32.obj) : warning LNK4099: PDB 'vc140.pdb' was not found with 'libtiff.lib(tif_win32.obj)' or at 'D:\WAY\FreePlay\Chess__Cocos2d-x\Chess__Cocos2d-x\proj.win32\Release.win32\vc140.pdb'; linking object as if no debug info
  libcocos2d.vcxproj -> D:\WAY\FreePlay\Chess__Cocos2d-x\Chess__Cocos2d-x\proj.win32\Release.win32\libcocos2d.dll
