  AppDelegate.cpp
  Core.cpp
  CustomGameScene.cpp
  Figure.cpp
  GameMenu.cpp
  GameSettingsMenu.cpp
  LoadGameScene.cpp
  MyTests.cpp
D:\WAY\FreePlay\Chess__Cocos2d-x\Chess__Cocos2d-x\Classes\Figure.h(23): error C2259: 'Figure': cannot instantiate abstract class (compiling source file ..\Classes\AppDelegate.cpp)
D:\WAY\FreePlay\Chess__Cocos2d-x\Chess__Cocos2d-x\Classes\Figure.h(10): message : see declaration of 'Figure' (compiling source file ..\Classes\AppDelegate.cpp)
D:\WAY\FreePlay\Chess__Cocos2d-x\Chess__Cocos2d-x\Classes\Figure.h(23): message : due to following members: (compiling source file ..\Classes\AppDelegate.cpp)
D:\WAY\FreePlay\Chess__Cocos2d-x\Chess__Cocos2d-x\Classes\Figure.h(23): message : 'std::vector<Location,std::allocator<Location>> *Figure::getPossibleMoves(Figure ***)': is abstract (compiling source file ..\Classes\AppDelegate.cpp)
D:\WAY\FreePlay\Chess__Cocos2d-x\Chess__Cocos2d-x\Classes\Figure.h(31): message : see declaration of 'Figure::getPossibleMoves' (compiling source file ..\Classes\AppDelegate.cpp)
D:\WAY\FreePlay\Chess__Cocos2d-x\Chess__Cocos2d-x\Classes\Figure.h(23,2): error C2259: 'Figure': cannot instantiate abstract class (compiling source file ..\Classes\AppDelegate.cpp)
D:\WAY\FreePlay\Chess__Cocos2d-x\Chess__Cocos2d-x\Classes\Figure.h(10): message : see declaration of 'Figure' (compiling source file ..\Classes\AppDelegate.cpp)
D:\WAY\FreePlay\Chess__Cocos2d-x\Chess__Cocos2d-x\Classes\Figure.h(23,2): message : due to following members: (compiling source file ..\Classes\AppDelegate.cpp)
D:\WAY\FreePlay\Chess__Cocos2d-x\Chess__Cocos2d-x\Classes\Figure.h(23,2): message : 'std::vector<Location,std::allocator<Location>> *Figure::getPossibleMoves(Figure ***)': is abstract (compiling source file ..\Classes\AppDelegate.cpp)
D:\WAY\FreePlay\Chess__Cocos2d-x\Chess__Cocos2d-x\Classes\Figure.h(31): message : see declaration of 'Figure::getPossibleMoves' (compiling source file ..\Classes\AppDelegate.cpp)
D:\WAY\FreePlay\Chess__Cocos2d-x\Chess__Cocos2d-x\Classes\Figure.h(23): error C2259: 'Figure': cannot instantiate abstract class (compiling source file ..\Classes\Figure.cpp)
D:\WAY\FreePlay\Chess__Cocos2d-x\Chess__Cocos2d-x\Classes\Figure.h(10): message : see declaration of 'Figure' (compiling source file ..\Classes\Figure.cpp)
D:\WAY\FreePlay\Chess__Cocos2d-x\Chess__Cocos2d-x\Classes\Figure.h(23): message : due to following members: (compiling source file ..\Classes\Figure.cpp)
D:\WAY\FreePlay\Chess__Cocos2d-x\Chess__Cocos2d-x\Classes\Figure.h(23): message : 'std::vector<Location,std::allocator<Location>> *Figure::getPossibleMoves(Figure ***)': is abstract (compiling source file ..\Classes\Figure.cpp)
D:\WAY\FreePlay\Chess__Cocos2d-x\Chess__Cocos2d-x\Classes\Figure.h(31): message : see declaration of 'Figure::getPossibleMoves' (compiling source file ..\Classes\Figure.cpp)
D:\WAY\FreePlay\Chess__Cocos2d-x\Chess__Cocos2d-x\Classes\Figure.h(23,2): error C2259: 'Figure': cannot instantiate abstract class (compiling source file ..\Classes\Figure.cpp)
D:\WAY\FreePlay\Chess__Cocos2d-x\Chess__Cocos2d-x\Classes\Figure.h(10): message : see declaration of 'Figure' (compiling source file ..\Classes\Figure.cpp)
D:\WAY\FreePlay\Chess__Cocos2d-x\Chess__Cocos2d-x\Classes\Figure.h(23,2): message : due to following members: (compiling source file ..\Classes\Figure.cpp)
D:\WAY\FreePlay\Chess__Cocos2d-x\Chess__Cocos2d-x\Classes\Figure.h(23,2): message : 'std::vector<Location,std::allocator<Location>> *Figure::getPossibleMoves(Figure ***)': is abstract (compiling source file ..\Classes\Figure.cpp)
D:\WAY\FreePlay\Chess__Cocos2d-x\Chess__Cocos2d-x\Classes\Figure.h(31): message : see declaration of 'Figure::getPossibleMoves' (compiling source file ..\Classes\Figure.cpp)
D:\WAY\FreePlay\Chess__Cocos2d-x\Chess__Cocos2d-x\Classes\Figure.h(23): error C2259: 'Figure': cannot instantiate abstract class (compiling source file ..\Classes\GameSettingsMenu.cpp)
D:\WAY\FreePlay\Chess__Cocos2d-x\Chess__Cocos2d-x\Classes\Figure.h(10): message : see declaration of 'Figure' (compiling source file ..\Classes\GameSettingsMenu.cpp)
D:\WAY\FreePlay\Chess__Cocos2d-x\Chess__Cocos2d-x\Classes\Figure.h(23): message : due to following members: (compiling source file ..\Classes\GameSettingsMenu.cpp)
D:\WAY\FreePlay\Chess__Cocos2d-x\Chess__Cocos2d-x\Classes\Figure.h(23): message : 'std::vector<Location,std::allocator<Location>> *Figure::getPossibleMoves(Figure ***)': is abstract (compiling source file ..\Classes\GameSettingsMenu.cpp)
D:\WAY\FreePlay\Chess__Cocos2d-x\Chess__Cocos2d-x\Classes\Figure.h(31): message : see declaration of 'Figure::getPossibleMoves' (compiling source file ..\Classes\GameSettingsMenu.cpp)
D:\WAY\FreePlay\Chess__Cocos2d-x\Chess__Cocos2d-x\Classes\Figure.h(23,2): error C2259: 'Figure': cannot instantiate abstract class (compiling source file ..\Classes\GameSettingsMenu.cpp)
D:\WAY\FreePlay\Chess__Cocos2d-x\Chess__Cocos2d-x\Classes\Figure.h(10): message : see declaration of 'Figure' (compiling source file ..\Classes\GameSettingsMenu.cpp)
D:\WAY\FreePlay\Chess__Cocos2d-x\Chess__Cocos2d-x\Classes\Figure.h(23,2): message : due to following members: (compiling source file ..\Classes\GameSettingsMenu.cpp)
D:\WAY\FreePlay\Chess__Cocos2d-x\Chess__Cocos2d-x\Classes\Figure.h(23,2): message : 'std::vector<Location,std::allocator<Location>> *Figure::getPossibleMoves(Figure ***)': is abstract (compiling source file ..\Classes\GameSettingsMenu.cpp)
D:\WAY\FreePlay\Chess__Cocos2d-x\Chess__Cocos2d-x\Classes\Figure.h(31): message : see declaration of 'Figure::getPossibleMoves' (compiling source file ..\Classes\GameSettingsMenu.cpp)
  NewGameScene.cpp
  QuitGameScene.cpp
D:\WAY\FreePlay\Chess__Cocos2d-x\Chess__Cocos2d-x\Classes\Figure.h(23): error C2259: 'Figure': cannot instantiate abstract class (compiling source file ..\Classes\MyTests.cpp)
D:\WAY\FreePlay\Chess__Cocos2d-x\Chess__Cocos2d-x\Classes\Figure.h(10): message : see declaration of 'Figure' (compiling source file ..\Classes\MyTests.cpp)
D:\WAY\FreePlay\Chess__Cocos2d-x\Chess__Cocos2d-x\Classes\Figure.h(23): message : due to following members: (compiling source file ..\Classes\MyTests.cpp)
D:\WAY\FreePlay\Chess__Cocos2d-x\Chess__Cocos2d-x\Classes\Figure.h(23): message : 'std::vector<Location,std::allocator<Location>> *Figure::getPossibleMoves(Figure ***)': is abstract (compiling source file ..\Classes\MyTests.cpp)
D:\WAY\FreePlay\Chess__Cocos2d-x\Chess__Cocos2d-x\Classes\Figure.h(31): message : see declaration of 'Figure::getPossibleMoves' (compiling source file ..\Classes\MyTests.cpp)
D:\WAY\FreePlay\Chess__Cocos2d-x\Chess__Cocos2d-x\Classes\Figure.h(23,2): error C2259: 'Figure': cannot instantiate abstract class (compiling source file ..\Classes\MyTests.cpp)
D:\WAY\FreePlay\Chess__Cocos2d-x\Chess__Cocos2d-x\Classes\Figure.h(10): message : see declaration of 'Figure' (compiling source file ..\Classes\MyTests.cpp)
D:\WAY\FreePlay\Chess__Cocos2d-x\Chess__Cocos2d-x\Classes\Figure.h(23,2): message : due to following members: (compiling source file ..\Classes\MyTests.cpp)
D:\WAY\FreePlay\Chess__Cocos2d-x\Chess__Cocos2d-x\Classes\Figure.h(23,2): message : 'std::vector<Location,std::allocator<Location>> *Figure::getPossibleMoves(Figure ***)': is abstract (compiling source file ..\Classes\MyTests.cpp)
D:\WAY\FreePlay\Chess__Cocos2d-x\Chess__Cocos2d-x\Classes\Figure.h(31): message : see declaration of 'Figure::getPossibleMoves' (compiling source file ..\Classes\MyTests.cpp)
D:\WAY\FreePlay\Chess__Cocos2d-x\Chess__Cocos2d-x\Classes\Figure.h(23): error C2259: 'Figure': cannot instantiate abstract class (compiling source file ..\Classes\GameMenu.cpp)
D:\WAY\FreePlay\Chess__Cocos2d-x\Chess__Cocos2d-x\Classes\Figure.h(10): message : see declaration of 'Figure' (compiling source file ..\Classes\GameMenu.cpp)
D:\WAY\FreePlay\Chess__Cocos2d-x\Chess__Cocos2d-x\Classes\Figure.h(23): message : due to following members: (compiling source file ..\Classes\GameMenu.cpp)
D:\WAY\FreePlay\Chess__Cocos2d-x\Chess__Cocos2d-x\Classes\Figure.h(23): message : 'std::vector<Location,std::allocator<Location>> *Figure::getPossibleMoves(Figure ***)': is abstract (compiling source file ..\Classes\GameMenu.cpp)
D:\WAY\FreePlay\Chess__Cocos2d-x\Chess__Cocos2d-x\Classes\Figure.h(31): message : see declaration of 'Figure::getPossibleMoves' (compiling source file ..\Classes\GameMenu.cpp)
D:\WAY\FreePlay\Chess__Cocos2d-x\Chess__Cocos2d-x\Classes\Figure.h(23,2): error C2259: 'Figure': cannot instantiate abstract class (compiling source file ..\Classes\GameMenu.cpp)
D:\WAY\FreePlay\Chess__Cocos2d-x\Chess__Cocos2d-x\Classes\Figure.h(10): message : see declaration of 'Figure' (compiling source file ..\Classes\GameMenu.cpp)
D:\WAY\FreePlay\Chess__Cocos2d-x\Chess__Cocos2d-x\Classes\Figure.h(23,2): message : due to following members: (compiling source file ..\Classes\GameMenu.cpp)
D:\WAY\FreePlay\Chess__Cocos2d-x\Chess__Cocos2d-x\Classes\Figure.h(23,2): message : 'std::vector<Location,std::allocator<Location>> *Figure::getPossibleMoves(Figure ***)': is abstract (compiling source file ..\Classes\GameMenu.cpp)
D:\WAY\FreePlay\Chess__Cocos2d-x\Chess__Cocos2d-x\Classes\Figure.h(31): message : see declaration of 'Figure::getPossibleMoves' (compiling source file ..\Classes\GameMenu.cpp)
D:\WAY\FreePlay\Chess__Cocos2d-x\Chess__Cocos2d-x\Classes\Figure.h(23): error C2259: 'Figure': cannot instantiate abstract class (compiling source file ..\Classes\Core.cpp)
D:\WAY\FreePlay\Chess__Cocos2d-x\Chess__Cocos2d-x\Classes\Figure.h(10): message : see declaration of 'Figure' (compiling source file ..\Classes\Core.cpp)
D:\WAY\FreePlay\Chess__Cocos2d-x\Chess__Cocos2d-x\Classes\Figure.h(23): message : due to following members: (compiling source file ..\Classes\Core.cpp)
D:\WAY\FreePlay\Chess__Cocos2d-x\Chess__Cocos2d-x\Classes\Figure.h(23): message : 'std::vector<Location,std::allocator<Location>> *Figure::getPossibleMoves(Figure ***)': is abstract (compiling source file ..\Classes\Core.cpp)
D:\WAY\FreePlay\Chess__Cocos2d-x\Chess__Cocos2d-x\Classes\Figure.h(31): message : see declaration of 'Figure::getPossibleMoves' (compiling source file ..\Classes\Core.cpp)
D:\WAY\FreePlay\Chess__Cocos2d-x\Chess__Cocos2d-x\Classes\Figure.h(23,2): error C2259: 'Figure': cannot instantiate abstract class (compiling source file ..\Classes\Core.cpp)
D:\WAY\FreePlay\Chess__Cocos2d-x\Chess__Cocos2d-x\Classes\Figure.h(10): message : see declaration of 'Figure' (compiling source file ..\Classes\Core.cpp)
D:\WAY\FreePlay\Chess__Cocos2d-x\Chess__Cocos2d-x\Classes\Figure.h(23,2): message : due to following members: (compiling source file ..\Classes\Core.cpp)
D:\WAY\FreePlay\Chess__Cocos2d-x\Chess__Cocos2d-x\Classes\Figure.h(23,2): message : 'std::vector<Location,std::allocator<Location>> *Figure::getPossibleMoves(Figure ***)': is abstract (compiling source file ..\Classes\Core.cpp)
D:\WAY\FreePlay\Chess__Cocos2d-x\Chess__Cocos2d-x\Classes\Figure.h(31): message : see declaration of 'Figure::getPossibleMoves' (compiling source file ..\Classes\Core.cpp)
  SaveGameScene.cpp
  Units.cpp
D:\WAY\FreePlay\Chess__Cocos2d-x\Chess__Cocos2d-x\Classes\Figure.h(23): error C2259: 'Figure': cannot instantiate abstract class (compiling source file ..\Classes\LoadGameScene.cpp)
D:\WAY\FreePlay\Chess__Cocos2d-x\Chess__Cocos2d-x\Classes\Figure.h(10): message : see declaration of 'Figure' (compiling source file ..\Classes\LoadGameScene.cpp)
D:\WAY\FreePlay\Chess__Cocos2d-x\Chess__Cocos2d-x\Classes\Figure.h(23): message : due to following members: (compiling source file ..\Classes\LoadGameScene.cpp)
D:\WAY\FreePlay\Chess__Cocos2d-x\Chess__Cocos2d-x\Classes\Figure.h(23): message : 'std::vector<Location,std::allocator<Location>> *Figure::getPossibleMoves(Figure ***)': is abstract (compiling source file ..\Classes\LoadGameScene.cpp)
D:\WAY\FreePlay\Chess__Cocos2d-x\Chess__Cocos2d-x\Classes\Figure.h(31): message : see declaration of 'Figure::getPossibleMoves' (compiling source file ..\Classes\LoadGameScene.cpp)
D:\WAY\FreePlay\Chess__Cocos2d-x\Chess__Cocos2d-x\Classes\Figure.h(23,2): error C2259: 'Figure': cannot instantiate abstract class (compiling source file ..\Classes\LoadGameScene.cpp)
D:\WAY\FreePlay\Chess__Cocos2d-x\Chess__Cocos2d-x\Classes\Figure.h(10): message : see declaration of 'Figure' (compiling source file ..\Classes\LoadGameScene.cpp)
D:\WAY\FreePlay\Chess__Cocos2d-x\Chess__Cocos2d-x\Classes\Figure.h(23,2): message : due to following members: (compiling source file ..\Classes\LoadGameScene.cpp)
D:\WAY\FreePlay\Chess__Cocos2d-x\Chess__Cocos2d-x\Classes\Figure.h(23,2): message : 'std::vector<Location,std::allocator<Location>> *Figure::getPossibleMoves(Figure ***)': is abstract (compiling source file ..\Classes\LoadGameScene.cpp)
D:\WAY\FreePlay\Chess__Cocos2d-x\Chess__Cocos2d-x\Classes\Figure.h(31): message : see declaration of 'Figure::getPossibleMoves' (compiling source file ..\Classes\LoadGameScene.cpp)
D:\WAY\FreePlay\Chess__Cocos2d-x\Chess__Cocos2d-x\Classes\Figure.h(23): error C2259: 'Figure': cannot instantiate abstract class (compiling source file ..\Classes\CustomGameScene.cpp)
D:\WAY\FreePlay\Chess__Cocos2d-x\Chess__Cocos2d-x\Classes\Figure.h(10): message : see declaration of 'Figure' (compiling source file ..\Classes\CustomGameScene.cpp)
D:\WAY\FreePlay\Chess__Cocos2d-x\Chess__Cocos2d-x\Classes\Figure.h(23): message : due to following members: (compiling source file ..\Classes\CustomGameScene.cpp)
D:\WAY\FreePlay\Chess__Cocos2d-x\Chess__Cocos2d-x\Classes\Figure.h(23): message : 'std::vector<Location,std::allocator<Location>> *Figure::getPossibleMoves(Figure ***)': is abstract (compiling source file ..\Classes\CustomGameScene.cpp)
D:\WAY\FreePlay\Chess__Cocos2d-x\Chess__Cocos2d-x\Classes\Figure.h(31): message : see declaration of 'Figure::getPossibleMoves' (compiling source file ..\Classes\CustomGameScene.cpp)
D:\WAY\FreePlay\Chess__Cocos2d-x\Chess__Cocos2d-x\Classes\Figure.h(23,2): error C2259: 'Figure': cannot instantiate abstract class (compiling source file ..\Classes\CustomGameScene.cpp)
D:\WAY\FreePlay\Chess__Cocos2d-x\Chess__Cocos2d-x\Classes\Figure.h(10): message : see declaration of 'Figure' (compiling source file ..\Classes\CustomGameScene.cpp)
D:\WAY\FreePlay\Chess__Cocos2d-x\Chess__Cocos2d-x\Classes\Figure.h(23,2): message : due to following members: (compiling source file ..\Classes\CustomGameScene.cpp)
D:\WAY\FreePlay\Chess__Cocos2d-x\Chess__Cocos2d-x\Classes\Figure.h(23,2): message : 'std::vector<Location,std::allocator<Location>> *Figure::getPossibleMoves(Figure ***)': is abstract (compiling source file ..\Classes\CustomGameScene.cpp)
D:\WAY\FreePlay\Chess__Cocos2d-x\Chess__Cocos2d-x\Classes\Figure.h(31): message : see declaration of 'Figure::getPossibleMoves' (compiling source file ..\Classes\CustomGameScene.cpp)
D:\WAY\FreePlay\Chess__Cocos2d-x\Chess__Cocos2d-x\Classes\Figure.h(23): error C2259: 'Figure': cannot instantiate abstract class (compiling source file ..\Classes\Units.cpp)
D:\WAY\FreePlay\Chess__Cocos2d-x\Chess__Cocos2d-x\Classes\Figure.h(10): message : see declaration of 'Figure' (compiling source file ..\Classes\Units.cpp)
D:\WAY\FreePlay\Chess__Cocos2d-x\Chess__Cocos2d-x\Classes\Figure.h(23): message : due to following members: (compiling source file ..\Classes\Units.cpp)
D:\WAY\FreePlay\Chess__Cocos2d-x\Chess__Cocos2d-x\Classes\Figure.h(23): message : 'std::vector<Location,std::allocator<Location>> *Figure::getPossibleMoves(Figure ***)': is abstract (compiling source file ..\Classes\Units.cpp)
D:\WAY\FreePlay\Chess__Cocos2d-x\Chess__Cocos2d-x\Classes\Figure.h(31): message : see declaration of 'Figure::getPossibleMoves' (compiling source file ..\Classes\Units.cpp)
D:\WAY\FreePlay\Chess__Cocos2d-x\Chess__Cocos2d-x\Classes\Figure.h(23,2): error C2259: 'Figure': cannot instantiate abstract class (compiling source file ..\Classes\Units.cpp)
D:\WAY\FreePlay\Chess__Cocos2d-x\Chess__Cocos2d-x\Classes\Figure.h(10): message : see declaration of 'Figure' (compiling source file ..\Classes\Units.cpp)
D:\WAY\FreePlay\Chess__Cocos2d-x\Chess__Cocos2d-x\Classes\Figure.h(23,2): message : due to following members: (compiling source file ..\Classes\Units.cpp)
D:\WAY\FreePlay\Chess__Cocos2d-x\Chess__Cocos2d-x\Classes\Figure.h(23,2): message : 'std::vector<Location,std::allocator<Location>> *Figure::getPossibleMoves(Figure ***)': is abstract (compiling source file ..\Classes\Units.cpp)
D:\WAY\FreePlay\Chess__Cocos2d-x\Chess__Cocos2d-x\Classes\Figure.h(31): message : see declaration of 'Figure::getPossibleMoves' (compiling source file ..\Classes\Units.cpp)
D:\WAY\FreePlay\Chess__Cocos2d-x\Chess__Cocos2d-x\Classes\Figure.h(23): error C2259: 'Figure': cannot instantiate abstract class (compiling source file ..\Classes\NewGameScene.cpp)
D:\WAY\FreePlay\Chess__Cocos2d-x\Chess__Cocos2d-x\Classes\Figure.h(10): message : see declaration of 'Figure' (compiling source file ..\Classes\NewGameScene.cpp)
D:\WAY\FreePlay\Chess__Cocos2d-x\Chess__Cocos2d-x\Classes\Figure.h(23): message : due to following members: (compiling source file ..\Classes\NewGameScene.cpp)
D:\WAY\FreePlay\Chess__Cocos2d-x\Chess__Cocos2d-x\Classes\Figure.h(23): message : 'std::vector<Location,std::allocator<Location>> *Figure::getPossibleMoves(Figure ***)': is abstract (compiling source file ..\Classes\NewGameScene.cpp)
D:\WAY\FreePlay\Chess__Cocos2d-x\Chess__Cocos2d-x\Classes\Figure.h(31): message : see declaration of 'Figure::getPossibleMoves' (compiling source file ..\Classes\NewGameScene.cpp)
D:\WAY\FreePlay\Chess__Cocos2d-x\Chess__Cocos2d-x\Classes\Figure.h(23,2): error C2259: 'Figure': cannot instantiate abstract class (compiling source file ..\Classes\NewGameScene.cpp)
D:\WAY\FreePlay\Chess__Cocos2d-x\Chess__Cocos2d-x\Classes\Figure.h(10): message : see declaration of 'Figure' (compiling source file ..\Classes\NewGameScene.cpp)
D:\WAY\FreePlay\Chess__Cocos2d-x\Chess__Cocos2d-x\Classes\Figure.h(23,2): message : due to following members: (compiling source file ..\Classes\NewGameScene.cpp)
D:\WAY\FreePlay\Chess__Cocos2d-x\Chess__Cocos2d-x\Classes\Figure.h(23,2): message : 'std::vector<Location,std::allocator<Location>> *Figure::getPossibleMoves(Figure ***)': is abstract (compiling source file ..\Classes\NewGameScene.cpp)
D:\WAY\FreePlay\Chess__Cocos2d-x\Chess__Cocos2d-x\Classes\Figure.h(31): message : see declaration of 'Figure::getPossibleMoves' (compiling source file ..\Classes\NewGameScene.cpp)
D:\WAY\FreePlay\Chess__Cocos2d-x\Chess__Cocos2d-x\Classes\Figure.h(23): error C2259: 'Figure': cannot instantiate abstract class (compiling source file ..\Classes\QuitGameScene.cpp)
D:\WAY\FreePlay\Chess__Cocos2d-x\Chess__Cocos2d-x\Classes\Figure.h(10): message : see declaration of 'Figure' (compiling source file ..\Classes\QuitGameScene.cpp)
D:\WAY\FreePlay\Chess__Cocos2d-x\Chess__Cocos2d-x\Classes\Figure.h(23): message : due to following members: (compiling source file ..\Classes\QuitGameScene.cpp)
D:\WAY\FreePlay\Chess__Cocos2d-x\Chess__Cocos2d-x\Classes\Figure.h(23): message : 'std::vector<Location,std::allocator<Location>> *Figure::getPossibleMoves(Figure ***)': is abstract (compiling source file ..\Classes\QuitGameScene.cpp)
D:\WAY\FreePlay\Chess__Cocos2d-x\Chess__Cocos2d-x\Classes\Figure.h(31): message : see declaration of 'Figure::getPossibleMoves' (compiling source file ..\Classes\QuitGameScene.cpp)
D:\WAY\FreePlay\Chess__Cocos2d-x\Chess__Cocos2d-x\Classes\Figure.h(23,2): error C2259: 'Figure': cannot instantiate abstract class (compiling source file ..\Classes\QuitGameScene.cpp)
D:\WAY\FreePlay\Chess__Cocos2d-x\Chess__Cocos2d-x\Classes\Figure.h(10): message : see declaration of 'Figure' (compiling source file ..\Classes\QuitGameScene.cpp)
D:\WAY\FreePlay\Chess__Cocos2d-x\Chess__Cocos2d-x\Classes\Figure.h(23,2): message : due to following members: (compiling source file ..\Classes\QuitGameScene.cpp)
D:\WAY\FreePlay\Chess__Cocos2d-x\Chess__Cocos2d-x\Classes\Figure.h(23,2): message : 'std::vector<Location,std::allocator<Location>> *Figure::getPossibleMoves(Figure ***)': is abstract (compiling source file ..\Classes\QuitGameScene.cpp)
D:\WAY\FreePlay\Chess__Cocos2d-x\Chess__Cocos2d-x\Classes\Figure.h(31): message : see declaration of 'Figure::getPossibleMoves' (compiling source file ..\Classes\QuitGameScene.cpp)
D:\WAY\FreePlay\Chess__Cocos2d-x\Chess__Cocos2d-x\Classes\Figure.h(23): error C2259: 'Figure': cannot instantiate abstract class (compiling source file ..\Classes\SaveGameScene.cpp)
D:\WAY\FreePlay\Chess__Cocos2d-x\Chess__Cocos2d-x\Classes\Figure.h(10): message : see declaration of 'Figure' (compiling source file ..\Classes\SaveGameScene.cpp)
D:\WAY\FreePlay\Chess__Cocos2d-x\Chess__Cocos2d-x\Classes\Figure.h(23): message : due to following members: (compiling source file ..\Classes\SaveGameScene.cpp)
D:\WAY\FreePlay\Chess__Cocos2d-x\Chess__Cocos2d-x\Classes\Figure.h(23): message : 'std::vector<Location,std::allocator<Location>> *Figure::getPossibleMoves(Figure ***)': is abstract (compiling source file ..\Classes\SaveGameScene.cpp)
D:\WAY\FreePlay\Chess__Cocos2d-x\Chess__Cocos2d-x\Classes\Figure.h(31): message : see declaration of 'Figure::getPossibleMoves' (compiling source file ..\Classes\SaveGameScene.cpp)
D:\WAY\FreePlay\Chess__Cocos2d-x\Chess__Cocos2d-x\Classes\Figure.h(23,2): error C2259: 'Figure': cannot instantiate abstract class (compiling source file ..\Classes\SaveGameScene.cpp)
D:\WAY\FreePlay\Chess__Cocos2d-x\Chess__Cocos2d-x\Classes\Figure.h(10): message : see declaration of 'Figure' (compiling source file ..\Classes\SaveGameScene.cpp)
D:\WAY\FreePlay\Chess__Cocos2d-x\Chess__Cocos2d-x\Classes\Figure.h(23,2): message : due to following members: (compiling source file ..\Classes\SaveGameScene.cpp)
D:\WAY\FreePlay\Chess__Cocos2d-x\Chess__Cocos2d-x\Classes\Figure.h(23,2): message : 'std::vector<Location,std::allocator<Location>> *Figure::getPossibleMoves(Figure ***)': is abstract (compiling source file ..\Classes\SaveGameScene.cpp)
D:\WAY\FreePlay\Chess__Cocos2d-x\Chess__Cocos2d-x\Classes\Figure.h(31): message : see declaration of 'Figure::getPossibleMoves' (compiling source file ..\Classes\SaveGameScene.cpp)
