d:\way\freeplay\chess__cocos2d-x\chess__cocos2d-x\proj.win32\release.win32\chess__cocos2d-x.lib
d:\way\freeplay\chess__cocos2d-x\chess__cocos2d-x\proj.win32\release.win32\chess__cocos2d-x.exp
d:\way\freeplay\chess__cocos2d-x\chess__cocos2d-x\proj.win32\release.win32\chess__cocos2d-x.ipdb
d:\way\freeplay\chess__cocos2d-x\chess__cocos2d-x\proj.win32\release.win32\chess__cocos2d-x.iobj
d:\way\freeplay\chess__cocos2d-x\chess__cocos2d-x\proj.win32\release.win32\figure.obj
d:\way\freeplay\chess__cocos2d-x\chess__cocos2d-x\proj.win32\release.win32\mytests.obj
d:\way\freeplay\chess__cocos2d-x\chess__cocos2d-x\proj.win32\release.win32\loadgamescene.obj
d:\way\freeplay\chess__cocos2d-x\chess__cocos2d-x\proj.win32\release.win32\main.obj
d:\way\freeplay\chess__cocos2d-x\chess__cocos2d-x\proj.win32\release.win32\customgamescene.obj
d:\way\freeplay\chess__cocos2d-x\chess__cocos2d-x\proj.win32\release.win32\helloworldscene.obj
d:\way\freeplay\chess__cocos2d-x\chess__cocos2d-x\proj.win32\release.win32\newgamescene.obj
d:\way\freeplay\chess__cocos2d-x\chess__cocos2d-x\proj.win32\release.win32\gamesettingsmenu.obj
d:\way\freeplay\chess__cocos2d-x\chess__cocos2d-x\proj.win32\release.win32\quitgamescene.obj
d:\way\freeplay\chess__cocos2d-x\chess__cocos2d-x\proj.win32\release.win32\gamemenu.obj
d:\way\freeplay\chess__cocos2d-x\chess__cocos2d-x\proj.win32\release.win32\core.obj
d:\way\freeplay\chess__cocos2d-x\chess__cocos2d-x\proj.win32\release.win32\savegamescene.obj
d:\way\freeplay\chess__cocos2d-x\chess__cocos2d-x\proj.win32\release.win32\appdelegate.obj
d:\way\freeplay\chess__cocos2d-x\chess__cocos2d-x\proj.win32\release.win32\units.obj
d:\way\freeplay\chess__cocos2d-x\chess__cocos2d-x\proj.win32\release.win32\vc142.pdb
d:\way\freeplay\chess__cocos2d-x\chess__cocos2d-x\proj.win32\chess__cocos2d-x.cab
d:\way\freeplay\chess__cocos2d-x\chess__cocos2d-x\proj.win32\release.win32\chess__cocos2d-x.exe
d:\way\freeplay\chess__cocos2d-x\chess__cocos2d-x\proj.win32\release.win32\chess__cocos2d-x.pdb
d:\way\freeplay\chess__cocos2d-x\chess__cocos2d-x\proj.win32\release.win32\game.res
d:\way\freeplay\chess__cocos2d-x\chess__cocos2d-x\proj.win32\release.win32\libcocos2d.exp
d:\way\freeplay\chess__cocos2d-x\chess__cocos2d-x\proj.win32\release.win32\libcocos2d.pdb
d:\way\freeplay\chess__cocos2d-x\chess__cocos2d-x\proj.win32\release.win32\chess__cocos2d-x.tlog\chess__cocos2d-x.write.1u.tlog
d:\way\freeplay\chess__cocos2d-x\chess__cocos2d-x\proj.win32\release.win32\chess__cocos2d-x.tlog\cl.command.1.tlog
d:\way\freeplay\chess__cocos2d-x\chess__cocos2d-x\proj.win32\release.win32\chess__cocos2d-x.tlog\cl.read.1.tlog
d:\way\freeplay\chess__cocos2d-x\chess__cocos2d-x\proj.win32\release.win32\chess__cocos2d-x.tlog\cl.write.1.tlog
d:\way\freeplay\chess__cocos2d-x\chess__cocos2d-x\proj.win32\release.win32\chess__cocos2d-x.tlog\custombuildstep.read.1u.tlog
d:\way\freeplay\chess__cocos2d-x\chess__cocos2d-x\proj.win32\release.win32\chess__cocos2d-x.tlog\custombuildstep.write.1u.tlog
d:\way\freeplay\chess__cocos2d-x\chess__cocos2d-x\proj.win32\release.win32\chess__cocos2d-x.tlog\link.command.1.tlog
d:\way\freeplay\chess__cocos2d-x\chess__cocos2d-x\proj.win32\release.win32\chess__cocos2d-x.tlog\link.read.1.tlog
d:\way\freeplay\chess__cocos2d-x\chess__cocos2d-x\proj.win32\release.win32\chess__cocos2d-x.tlog\link.write.1.tlog
d:\way\freeplay\chess__cocos2d-x\chess__cocos2d-x\proj.win32\release.win32\chess__cocos2d-x.tlog\rc.command.1.tlog
d:\way\freeplay\chess__cocos2d-x\chess__cocos2d-x\proj.win32\release.win32\chess__cocos2d-x.tlog\rc.read.1.tlog
d:\way\freeplay\chess__cocos2d-x\chess__cocos2d-x\proj.win32\release.win32\chess__cocos2d-x.tlog\rc.write.1.tlog
